<?xml version="1.0" encoding="UTF-8"?>
<coverage generated="1748660171979" clover="3.2.0">
  <project timestamp="1748660171979" name="All files">
    <metrics statements="23" coveredstatements="19" conditionals="4" coveredconditionals="3" methods="5" coveredmethods="3" elements="32" coveredelements="25" complexity="0" loc="23" ncloc="23" packages="1" files="1" classes="1"/>
    <file name="index.js" path="C:\Users\u1160731\Pictures\denzel\microservice\index.js">
      <metrics statements="23" coveredstatements="19" conditionals="4" coveredconditionals="3" methods="5" coveredmethods="3"/>
      <line num="2" count="1" type="stmt"/>
      <line num="4" count="1" type="stmt"/>
      <line num="5" count="1" type="stmt"/>
      <line num="6" count="1" type="stmt"/>
      <line num="7" count="1" type="stmt"/>
      <line num="9" count="1" type="stmt"/>
      <line num="12" count="1" type="cond" truecount="2" falsecount="0"/>
      <line num="15" count="1" type="stmt"/>
      <line num="16" count="1" type="stmt"/>
      <line num="17" count="1" type="stmt"/>
      <line num="20" count="1" type="stmt"/>
      <line num="21" count="2" type="stmt"/>
      <line num="25" count="1" type="stmt"/>
      <line num="26" count="3" type="stmt"/>
      <line num="30" count="1" type="stmt"/>
      <line num="31" count="2" type="stmt"/>
      <line num="35" count="1" type="stmt"/>
      <line num="36" count="0" type="stmt"/>
      <line num="37" count="0" type="stmt"/>
      <line num="41" count="1" type="cond" truecount="1" falsecount="1"/>
      <line num="42" count="0" type="stmt"/>
      <line num="43" count="0" type="stmt"/>
      <line num="47" count="1" type="stmt"/>
    </file>
  </project>
</coverage>
