{"C:\\Users\\u1160731\\Pictures\\denzel\\microservice\\index.js": {"path":"C:\\Users\\u1160731\\Pictures\\denzel\\microservice\\index.js","statementMap":{"0":{"start":{"line":2,"column":0},"end":{"line":2,"column":27}},"1":{"start":{"line":4,"column":16},"end":{"line":4,"column":34}},"2":{"start":{"line":5,"column":15},"end":{"line":5,"column":32}},"3":{"start":{"line":6,"column":13},"end":{"line":6,"column":28}},"4":{"start":{"line":7,"column":19},"end":{"line":7,"column":41}},"5":{"start":{"line":9,"column":12},"end":{"line":9,"column":21}},"6":{"start":{"line":12,"column":13},"end":{"line":12,"column":37}},"7":{"start":{"line":15,"column":0},"end":{"line":15,"column":23}},"8":{"start":{"line":16,"column":0},"end":{"line":16,"column":16}},"9":{"start":{"line":17,"column":0},"end":{"line":17,"column":27}},"10":{"start":{"line":20,"column":0},"end":{"line":22,"column":3}},"11":{"start":{"line":21,"column":2},"end":{"line":21,"column":52}},"12":{"start":{"line":25,"column":0},"end":{"line":27,"column":3}},"13":{"start":{"line":26,"column":2},"end":{"line":26,"column":34}},"14":{"start":{"line":30,"column":0},"end":{"line":32,"column":3}},"15":{"start":{"line":31,"column":2},"end":{"line":31,"column":47}},"16":{"start":{"line":35,"column":0},"end":{"line":38,"column":3}},"17":{"start":{"line":36,"column":2},"end":{"line":36,"column":21}},"18":{"start":{"line":37,"column":2},"end":{"line":37,"column":59}},"19":{"start":{"line":41,"column":0},"end":{"line":45,"column":1}},"20":{"start":{"line":42,"column":2},"end":{"line":44,"column":5}},"21":{"start":{"line":43,"column":4},"end":{"line":43,"column":52}},"22":{"start":{"line":47,"column":0},"end":{"line":47,"column":21}}},"fnMap":{"0":{"name":"(anonymous_0)","decl":{"start":{"line":20,"column":19},"end":{"line":20,"column":20}},"loc":{"start":{"line":20,"column":33},"end":{"line":22,"column":1}},"line":20},"1":{"name":"(anonymous_1)","decl":{"start":{"line":25,"column":18},"end":{"line":25,"column":19}},"loc":{"start":{"line":25,"column":32},"end":{"line":27,"column":1}},"line":25},"2":{"name":"(anonymous_2)","decl":{"start":{"line":30,"column":8},"end":{"line":30,"column":9}},"loc":{"start":{"line":30,"column":22},"end":{"line":32,"column":1}},"line":30},"3":{"name":"(anonymous_3)","decl":{"start":{"line":35,"column":8},"end":{"line":35,"column":9}},"loc":{"start":{"line":35,"column":33},"end":{"line":38,"column":1}},"line":35},"4":{"name":"(anonymous_4)","decl":{"start":{"line":42,"column":19},"end":{"line":42,"column":20}},"loc":{"start":{"line":42,"column":25},"end":{"line":44,"column":3}},"line":42}},"branchMap":{"0":{"loc":{"start":{"line":12,"column":13},"end":{"line":12,"column":37}},"type":"binary-expr","locations":[{"start":{"line":12,"column":13},"end":{"line":12,"column":29}},{"start":{"line":12,"column":33},"end":{"line":12,"column":37}}],"line":12},"1":{"loc":{"start":{"line":41,"column":0},"end":{"line":45,"column":1}},"type":"if","locations":[{"start":{"line":41,"column":0},"end":{"line":45,"column":1}},{"start":{},"end":{}}],"line":41}},"s":{"0":1,"1":1,"2":1,"3":1,"4":1,"5":1,"6":1,"7":1,"8":1,"9":1,"10":1,"11":2,"12":1,"13":3,"14":1,"15":2,"16":1,"17":0,"18":0,"19":1,"20":0,"21":0,"22":1},"f":{"0":2,"1":3,"2":2,"3":0,"4":0},"b":{"0":[1,1],"1":[0,1]},"_coverageSchema":"1a1c01bbd47fc00a2c39e90264f33305004495a9","hash":"c259838d45d292cccc11cc5e19ab8299b84ee865"}
}
